{"C:\\Users\\ossoo\\Desktop\\Tiberium\\backend\\app.js": {"path":"C:\\Users\\ossoo\\Desktop\\Tiberium\\backend\\app.js","statementMap":{"0":{"start":{"line":1,"column":16},"end":{"line":1,"column":34}},"1":{"start":{"line":2,"column":13},"end":{"line":2,"column":28}},"2":{"start":{"line":3,"column":17},"end":{"line":3,"column":37}},"3":{"start":{"line":4,"column":17},"end":{"line":4,"column":36}},"4":{"start":{"line":5,"column":12},"end":{"line":5,"column":35}},"5":{"start":{"line":6,"column":13},"end":{"line":6,"column":28}},"6":{"start":{"line":7,"column":0},"end":{"line":7,"column":27}},"7":{"start":{"line":9,"column":12},"end":{"line":9,"column":21}},"8":{"start":{"line":10,"column":15},"end":{"line":10,"column":37}},"9":{"start":{"line":11,"column":11},"end":{"line":18,"column":2}},"10":{"start":{"line":21,"column":0},"end":{"line":26,"column":4}},"11":{"start":{"line":29,"column":0},"end":{"line":29,"column":24}},"12":{"start":{"line":30,"column":0},"end":{"line":30,"column":48}},"13":{"start":{"line":33,"column":19},"end":{"line":33,"column":43}},"14":{"start":{"line":34,"column":22},"end":{"line":34,"column":50}},"15":{"start":{"line":37,"column":16},"end":{"line":37,"column":43}},"16":{"start":{"line":38,"column":13},"end":{"line":38,"column":37}},"17":{"start":{"line":40,"column":0},"end":{"line":40,"column":29}},"18":{"start":{"line":41,"column":0},"end":{"line":41,"column":36}},"19":{"start":{"line":44,"column":0},"end":{"line":53,"column":8}},"20":{"start":{"line":46,"column":10},"end":{"line":46,"column":46}},"21":{"start":{"line":47,"column":10},"end":{"line":49,"column":13}},"22":{"start":{"line":48,"column":15},"end":{"line":48,"column":73}},"23":{"start":{"line":52,"column":10},"end":{"line":52,"column":58}},"24":{"start":{"line":56,"column":0},"end":{"line":111,"column":3}},"25":{"start":{"line":57,"column":5},"end":{"line":57,"column":41}},"26":{"start":{"line":60,"column":5},"end":{"line":73,"column":8}},"27":{"start":{"line":61,"column":10},"end":{"line":72,"column":11}},"28":{"start":{"line":63,"column":31},"end":{"line":63,"column":72}},"29":{"start":{"line":64,"column":28},"end":{"line":64,"column":63}},"30":{"start":{"line":65,"column":15},"end":{"line":65,"column":60}},"31":{"start":{"line":65,"column":26},"end":{"line":65,"column":60}},"32":{"start":{"line":67,"column":15},"end":{"line":67,"column":40}},"33":{"start":{"line":68,"column":15},"end":{"line":68,"column":43}},"34":{"start":{"line":69,"column":15},"end":{"line":69,"column":48}},"35":{"start":{"line":71,"column":15},"end":{"line":71,"column":61}},"36":{"start":{"line":75,"column":5},"end":{"line":106,"column":8}},"37":{"start":{"line":76,"column":10},"end":{"line":105,"column":11}},"38":{"start":{"line":77,"column":15},"end":{"line":79,"column":16}},"39":{"start":{"line":78,"column":20},"end":{"line":78,"column":57}},"40":{"start":{"line":81,"column":47},"end":{"line":81,"column":51}},"41":{"start":{"line":83,"column":31},"end":{"line":88,"column":17}},"42":{"start":{"line":90,"column":15},"end":{"line":90,"column":36}},"43":{"start":{"line":93,"column":15},"end":{"line":96,"column":18}},"44":{"start":{"line":98,"column":15},"end":{"line":101,"column":18}},"45":{"start":{"line":103,"column":15},"end":{"line":103,"column":61}},"46":{"start":{"line":104,"column":15},"end":{"line":104,"column":51}},"47":{"start":{"line":108,"column":5},"end":{"line":110,"column":8}},"48":{"start":{"line":109,"column":10},"end":{"line":109,"column":45}}},"fnMap":{"0":{"name":"(anonymous_0)","decl":{"start":{"line":45,"column":11},"end":{"line":45,"column":12}},"loc":{"start":{"line":45,"column":17},"end":{"line":50,"column":6}},"line":45},"1":{"name":"(anonymous_1)","decl":{"start":{"line":47,"column":42},"end":{"line":47,"column":43}},"loc":{"start":{"line":47,"column":48},"end":{"line":49,"column":11}},"line":47},"2":{"name":"(anonymous_2)","decl":{"start":{"line":51,"column":12},"end":{"line":51,"column":13}},"loc":{"start":{"line":51,"column":23},"end":{"line":53,"column":6}},"line":51},"3":{"name":"(anonymous_3)","decl":{"start":{"line":56,"column":20},"end":{"line":56,"column":21}},"loc":{"start":{"line":56,"column":32},"end":{"line":111,"column":1}},"line":56},"4":{"name":"(anonymous_4)","decl":{"start":{"line":60,"column":31},"end":{"line":60,"column":32}},"loc":{"start":{"line":60,"column":48},"end":{"line":73,"column":6}},"line":60},"5":{"name":"(anonymous_5)","decl":{"start":{"line":75,"column":30},"end":{"line":75,"column":31}},"loc":{"start":{"line":75,"column":46},"end":{"line":106,"column":6}},"line":75},"6":{"name":"(anonymous_6)","decl":{"start":{"line":108,"column":29},"end":{"line":108,"column":30}},"loc":{"start":{"line":108,"column":35},"end":{"line":110,"column":6}},"line":108}},"branchMap":{"0":{"loc":{"start":{"line":65,"column":15},"end":{"line":65,"column":60}},"type":"if","locations":[{"start":{"line":65,"column":15},"end":{"line":65,"column":60}},{"start":{},"end":{}}],"line":65},"1":{"loc":{"start":{"line":77,"column":15},"end":{"line":79,"column":16}},"type":"if","locations":[{"start":{"line":77,"column":15},"end":{"line":79,"column":16}},{"start":{},"end":{}}],"line":77}},"s":{"0":1,"1":1,"2":1,"3":1,"4":1,"5":1,"6":1,"7":1,"8":1,"9":1,"10":1,"11":1,"12":1,"13":1,"14":1,"15":1,"16":1,"17":1,"18":1,"19":1,"20":0,"21":0,"22":0,"23":1,"24":1,"25":0,"26":0,"27":0,"28":0,"29":0,"30":0,"31":0,"32":0,"33":0,"34":0,"35":0,"36":0,"37":0,"38":0,"39":0,"40":0,"41":0,"42":0,"43":0,"44":0,"45":0,"46":0,"47":0,"48":0},"f":{"0":0,"1":0,"2":1,"3":0,"4":0,"5":0,"6":0},"b":{"0":[0,0],"1":[0,0]},"_coverageSchema":"1a1c01bbd47fc00a2c39e90264f33305004495a9","hash":"d4e94609eb0620d42660bd1b58dcf7365fc04fdd"}
,"C:\\Users\\ossoo\\Desktop\\Tiberium\\backend\\middleware\\authMiddleware.js": {"path":"C:\\Users\\ossoo\\Desktop\\Tiberium\\backend\\middleware\\authMiddleware.js","statementMap":{"0":{"start":{"line":1,"column":12},"end":{"line":1,"column":35}},"1":{"start":{"line":2,"column":13},"end":{"line":2,"column":38}},"2":{"start":{"line":4,"column":23},"end":{"line":35,"column":1}},"3":{"start":{"line":5,"column":3},"end":{"line":34,"column":4}},"4":{"start":{"line":6,"column":20},"end":{"line":6,"column":71}},"5":{"start":{"line":8,"column":6},"end":{"line":10,"column":7}},"6":{"start":{"line":9,"column":9},"end":{"line":9,"column":82}},"7":{"start":{"line":13,"column":22},"end":{"line":13,"column":63}},"8":{"start":{"line":16,"column":19},"end":{"line":16,"column":74}},"9":{"start":{"line":18,"column":6},"end":{"line":20,"column":7}},"10":{"start":{"line":19,"column":9},"end":{"line":19,"column":66}},"11":{"start":{"line":23,"column":6},"end":{"line":23,"column":22}},"12":{"start":{"line":24,"column":6},"end":{"line":24,"column":13}},"13":{"start":{"line":26,"column":6},"end":{"line":28,"column":7}},"14":{"start":{"line":27,"column":9},"end":{"line":27,"column":70}},"15":{"start":{"line":29,"column":6},"end":{"line":31,"column":7}},"16":{"start":{"line":30,"column":9},"end":{"line":30,"column":69}},"17":{"start":{"line":32,"column":6},"end":{"line":32,"column":53}},"18":{"start":{"line":33,"column":6},"end":{"line":33,"column":54}},"19":{"start":{"line":37,"column":0},"end":{"line":37,"column":32}}},"fnMap":{"0":{"name":"(anonymous_0)","decl":{"start":{"line":4,"column":23},"end":{"line":4,"column":24}},"loc":{"start":{"line":4,"column":49},"end":{"line":35,"column":1}},"line":4}},"branchMap":{"0":{"loc":{"start":{"line":8,"column":6},"end":{"line":10,"column":7}},"type":"if","locations":[{"start":{"line":8,"column":6},"end":{"line":10,"column":7}},{"start":{},"end":{}}],"line":8},"1":{"loc":{"start":{"line":18,"column":6},"end":{"line":20,"column":7}},"type":"if","locations":[{"start":{"line":18,"column":6},"end":{"line":20,"column":7}},{"start":{},"end":{}}],"line":18},"2":{"loc":{"start":{"line":26,"column":6},"end":{"line":28,"column":7}},"type":"if","locations":[{"start":{"line":26,"column":6},"end":{"line":28,"column":7}},{"start":{},"end":{}}],"line":26},"3":{"loc":{"start":{"line":29,"column":6},"end":{"line":31,"column":7}},"type":"if","locations":[{"start":{"line":29,"column":6},"end":{"line":31,"column":7}},{"start":{},"end":{}}],"line":29}},"s":{"0":1,"1":1,"2":1,"3":0,"4":0,"5":0,"6":0,"7":0,"8":0,"9":0,"10":0,"11":0,"12":0,"13":0,"14":0,"15":0,"16":0,"17":0,"18":0,"19":1},"f":{"0":0},"b":{"0":[0,0],"1":[0,0],"2":[0,0],"3":[0,0]},"_coverageSchema":"1a1c01bbd47fc00a2c39e90264f33305004495a9","hash":"0fa0d6996b95a290966f5a284d20ac13ba70516d"}
,"C:\\Users\\ossoo\\Desktop\\Tiberium\\backend\\models\\message.js": {"path":"C:\\Users\\ossoo\\Desktop\\Tiberium\\backend\\models\\message.js","statementMap":{"0":{"start":{"line":1,"column":17},"end":{"line":1,"column":36}},"1":{"start":{"line":3,"column":22},"end":{"line":22,"column":2}},"2":{"start":{"line":24,"column":0},"end":{"line":24,"column":58}},"3":{"start":{"line":27,"column":0},"end":{"line":29,"column":3}},"4":{"start":{"line":28,"column":5},"end":{"line":28,"column":58}},"5":{"start":{"line":31,"column":16},"end":{"line":31,"column":56}},"6":{"start":{"line":34,"column":0},"end":{"line":39,"column":3}},"7":{"start":{"line":36,"column":5},"end":{"line":38,"column":6}},"8":{"start":{"line":37,"column":10},"end":{"line":37,"column":75}},"9":{"start":{"line":41,"column":0},"end":{"line":41,"column":25}}},"fnMap":{"0":{"name":"(anonymous_0)","decl":{"start":{"line":27,"column":32},"end":{"line":27,"column":33}},"loc":{"start":{"line":27,"column":41},"end":{"line":29,"column":1}},"line":27},"1":{"name":"(anonymous_1)","decl":{"start":{"line":34,"column":46},"end":{"line":34,"column":47}},"loc":{"start":{"line":34,"column":53},"end":{"line":39,"column":1}},"line":34}},"branchMap":{"0":{"loc":{"start":{"line":36,"column":5},"end":{"line":38,"column":6}},"type":"if","locations":[{"start":{"line":36,"column":5},"end":{"line":38,"column":6}},{"start":{},"end":{}}],"line":36}},"s":{"0":1,"1":1,"2":1,"3":1,"4":0,"5":1,"6":1,"7":1,"8":1,"9":1},"f":{"0":0,"1":1},"b":{"0":[1,0]},"_coverageSchema":"1a1c01bbd47fc00a2c39e90264f33305004495a9","hash":"19b87d84f23d7a3e1d9c8b9e733ae96dc43648dc"}
,"C:\\Users\\ossoo\\Desktop\\Tiberium\\backend\\models\\user.js": {"path":"C:\\Users\\ossoo\\Desktop\\Tiberium\\backend\\models\\user.js","statementMap":{"0":{"start":{"line":1,"column":17},"end":{"line":1,"column":36}},"1":{"start":{"line":3,"column":19},"end":{"line":26,"column":2}},"2":{"start":{"line":28,"column":0},"end":{"line":28,"column":52}}},"fnMap":{},"branchMap":{},"s":{"0":1,"1":1,"2":1},"f":{},"b":{},"_coverageSchema":"1a1c01bbd47fc00a2c39e90264f33305004495a9","hash":"04c5f921ac1c6c0a99c0daf3fe02f4b7100e88aa"}
,"C:\\Users\\ossoo\\Desktop\\Tiberium\\backend\\routes\\auth.js": {"path":"C:\\Users\\ossoo\\Desktop\\Tiberium\\backend\\routes\\auth.js","statementMap":{"0":{"start":{"line":1,"column":16},"end":{"line":1,"column":34}},"1":{"start":{"line":2,"column":15},"end":{"line":2,"column":32}},"2":{"start":{"line":3,"column":12},"end":{"line":3,"column":35}},"3":{"start":{"line":4,"column":13},"end":{"line":4,"column":38}},"4":{"start":{"line":5,"column":15},"end":{"line":5,"column":31}},"5":{"start":{"line":6,"column":23},"end":{"line":6,"column":62}},"6":{"start":{"line":8,"column":0},"end":{"line":18,"column":3}},"7":{"start":{"line":9,"column":43},"end":{"line":9,"column":51}},"8":{"start":{"line":10,"column":3},"end":{"line":17,"column":4}},"9":{"start":{"line":11,"column":29},"end":{"line":11,"column":60}},"10":{"start":{"line":12,"column":19},"end":{"line":12,"column":92}},"11":{"start":{"line":13,"column":6},"end":{"line":13,"column":24}},"12":{"start":{"line":14,"column":6},"end":{"line":14,"column":69}},"13":{"start":{"line":16,"column":6},"end":{"line":16,"column":61}},"14":{"start":{"line":22,"column":0},"end":{"line":55,"column":3}},"15":{"start":{"line":23,"column":3},"end":{"line":54,"column":4}},"16":{"start":{"line":24,"column":42},"end":{"line":24,"column":50}},"17":{"start":{"line":26,"column":19},"end":{"line":26,"column":48}},"18":{"start":{"line":27,"column":6},"end":{"line":29,"column":7}},"19":{"start":{"line":28,"column":9},"end":{"line":28,"column":71}},"20":{"start":{"line":31,"column":22},"end":{"line":31,"column":67}},"21":{"start":{"line":32,"column":6},"end":{"line":34,"column":7}},"22":{"start":{"line":33,"column":9},"end":{"line":33,"column":71}},"23":{"start":{"line":37,"column":20},"end":{"line":41,"column":7}},"24":{"start":{"line":44,"column":27},"end":{"line":44,"column":42}},"25":{"start":{"line":45,"column":6},"end":{"line":45,"column":35}},"26":{"start":{"line":47,"column":6},"end":{"line":50,"column":9}},"27":{"start":{"line":52,"column":6},"end":{"line":52,"column":43}},"28":{"start":{"line":53,"column":6},"end":{"line":53,"column":54}},"29":{"start":{"line":58,"column":0},"end":{"line":66,"column":3}},"30":{"start":{"line":59,"column":3},"end":{"line":65,"column":4}},"31":{"start":{"line":60,"column":19},"end":{"line":60,"column":71}},"32":{"start":{"line":61,"column":6},"end":{"line":61,"column":74}},"33":{"start":{"line":61,"column":17},"end":{"line":61,"column":74}},"34":{"start":{"line":62,"column":6},"end":{"line":62,"column":25}},"35":{"start":{"line":64,"column":6},"end":{"line":64,"column":54}},"36":{"start":{"line":68,"column":0},"end":{"line":101,"column":3}},"37":{"start":{"line":69,"column":3},"end":{"line":100,"column":4}},"38":{"start":{"line":72,"column":6},"end":{"line":87,"column":7}},"39":{"start":{"line":73,"column":9},"end":{"line":76,"column":11}},"40":{"start":{"line":80,"column":9},"end":{"line":86,"column":11}},"41":{"start":{"line":90,"column":6},"end":{"line":94,"column":9}},"42":{"start":{"line":91,"column":9},"end":{"line":91,"column":65}},"43":{"start":{"line":91,"column":55},"end":{"line":91,"column":65}},"44":{"start":{"line":92,"column":9},"end":{"line":92,"column":64}},"45":{"start":{"line":92,"column":55},"end":{"line":92,"column":64}},"46":{"start":{"line":93,"column":9},"end":{"line":93,"column":45}},"47":{"start":{"line":96,"column":6},"end":{"line":96,"column":26}},"48":{"start":{"line":98,"column":6},"end":{"line":98,"column":52}},"49":{"start":{"line":99,"column":6},"end":{"line":99,"column":62}},"50":{"start":{"line":104,"column":0},"end":{"line":132,"column":3}},"51":{"start":{"line":105,"column":3},"end":{"line":131,"column":4}},"52":{"start":{"line":106,"column":26},"end":{"line":106,"column":43}},"53":{"start":{"line":107,"column":28},"end":{"line":107,"column":40}},"54":{"start":{"line":110,"column":24},"end":{"line":110,"column":56}},"55":{"start":{"line":111,"column":6},"end":{"line":113,"column":7}},"56":{"start":{"line":112,"column":9},"end":{"line":112,"column":66}},"57":{"start":{"line":116,"column":6},"end":{"line":118,"column":7}},"58":{"start":{"line":117,"column":9},"end":{"line":117,"column":64}},"59":{"start":{"line":120,"column":23},"end":{"line":125,"column":31}},"60":{"start":{"line":127,"column":6},"end":{"line":127,"column":29}},"61":{"start":{"line":129,"column":6},"end":{"line":129,"column":55}},"62":{"start":{"line":130,"column":6},"end":{"line":130,"column":65}},"63":{"start":{"line":134,"column":0},"end":{"line":169,"column":3}},"64":{"start":{"line":135,"column":3},"end":{"line":168,"column":4}},"65":{"start":{"line":137,"column":6},"end":{"line":139,"column":7}},"66":{"start":{"line":138,"column":9},"end":{"line":138,"column":64}},"67":{"start":{"line":141,"column":25},"end":{"line":141,"column":35}},"68":{"start":{"line":142,"column":23},"end":{"line":142,"column":31}},"69":{"start":{"line":145,"column":6},"end":{"line":147,"column":7}},"70":{"start":{"line":146,"column":9},"end":{"line":146,"column":69}},"71":{"start":{"line":150,"column":6},"end":{"line":152,"column":7}},"72":{"start":{"line":151,"column":9},"end":{"line":151,"column":82}},"73":{"start":{"line":154,"column":26},"end":{"line":158,"column":7}},"74":{"start":{"line":160,"column":6},"end":{"line":162,"column":7}},"75":{"start":{"line":161,"column":9},"end":{"line":161,"column":66}},"76":{"start":{"line":164,"column":6},"end":{"line":164,"column":38}},"77":{"start":{"line":166,"column":6},"end":{"line":166,"column":56}},"78":{"start":{"line":167,"column":6},"end":{"line":167,"column":54}},"79":{"start":{"line":171,"column":0},"end":{"line":213,"column":3}},"80":{"start":{"line":172,"column":3},"end":{"line":212,"column":4}},"81":{"start":{"line":174,"column":6},"end":{"line":176,"column":7}},"82":{"start":{"line":175,"column":9},"end":{"line":175,"column":64}},"83":{"start":{"line":178,"column":25},"end":{"line":178,"column":35}},"84":{"start":{"line":181,"column":6},"end":{"line":183,"column":7}},"85":{"start":{"line":182,"column":9},"end":{"line":182,"column":82}},"86":{"start":{"line":186,"column":6},"end":{"line":191,"column":9}},"87":{"start":{"line":194,"column":26},"end":{"line":194,"column":62}},"88":{"start":{"line":196,"column":6},"end":{"line":198,"column":7}},"89":{"start":{"line":197,"column":9},"end":{"line":197,"column":66}},"90":{"start":{"line":200,"column":6},"end":{"line":208,"column":9}},"91":{"start":{"line":210,"column":6},"end":{"line":210,"column":51}},"92":{"start":{"line":211,"column":6},"end":{"line":211,"column":54}},"93":{"start":{"line":216,"column":0},"end":{"line":216,"column":24}}},"fnMap":{"0":{"name":"(anonymous_0)","decl":{"start":{"line":8,"column":23},"end":{"line":8,"column":24}},"loc":{"start":{"line":8,"column":43},"end":{"line":18,"column":1}},"line":8},"1":{"name":"(anonymous_1)","decl":{"start":{"line":22,"column":22},"end":{"line":22,"column":23}},"loc":{"start":{"line":22,"column":42},"end":{"line":55,"column":1}},"line":22},"2":{"name":"(anonymous_2)","decl":{"start":{"line":58,"column":37},"end":{"line":58,"column":38}},"loc":{"start":{"line":58,"column":57},"end":{"line":66,"column":1}},"line":58},"3":{"name":"(anonymous_3)","decl":{"start":{"line":68,"column":37},"end":{"line":68,"column":38}},"loc":{"start":{"line":68,"column":57},"end":{"line":101,"column":1}},"line":68},"4":{"name":"(anonymous_4)","decl":{"start":{"line":90,"column":17},"end":{"line":90,"column":18}},"loc":{"start":{"line":90,"column":27},"end":{"line":94,"column":7}},"line":90},"5":{"name":"(anonymous_5)","decl":{"start":{"line":104,"column":48},"end":{"line":104,"column":49}},"loc":{"start":{"line":104,"column":68},"end":{"line":132,"column":1}},"line":104},"6":{"name":"(anonymous_6)","decl":{"start":{"line":134,"column":52},"end":{"line":134,"column":53}},"loc":{"start":{"line":134,"column":72},"end":{"line":169,"column":1}},"line":134},"7":{"name":"(anonymous_7)","decl":{"start":{"line":171,"column":48},"end":{"line":171,"column":49}},"loc":{"start":{"line":171,"column":68},"end":{"line":213,"column":1}},"line":171}},"branchMap":{"0":{"loc":{"start":{"line":12,"column":75},"end":{"line":12,"column":89}},"type":"binary-expr","locations":[{"start":{"line":12,"column":75},"end":{"line":12,"column":79}},{"start":{"line":12,"column":83},"end":{"line":12,"column":89}}],"line":12},"1":{"loc":{"start":{"line":27,"column":6},"end":{"line":29,"column":7}},"type":"if","locations":[{"start":{"line":27,"column":6},"end":{"line":29,"column":7}},{"start":{},"end":{}}],"line":27},"2":{"loc":{"start":{"line":32,"column":6},"end":{"line":34,"column":7}},"type":"if","locations":[{"start":{"line":32,"column":6},"end":{"line":34,"column":7}},{"start":{},"end":{}}],"line":32},"3":{"loc":{"start":{"line":40,"column":22},"end":{"line":40,"column":43}},"type":"cond-expr","locations":[{"start":{"line":40,"column":31},"end":{"line":40,"column":35}},{"start":{"line":40,"column":38},"end":{"line":40,"column":43}}],"line":40},"4":{"loc":{"start":{"line":61,"column":6},"end":{"line":61,"column":74}},"type":"if","locations":[{"start":{"line":61,"column":6},"end":{"line":61,"column":74}},{"start":{},"end":{}}],"line":61},"5":{"loc":{"start":{"line":72,"column":6},"end":{"line":87,"column":7}},"type":"if","locations":[{"start":{"line":72,"column":6},"end":{"line":87,"column":7}},{"start":{"line":79,"column":11},"end":{"line":87,"column":7}}],"line":72},"6":{"loc":{"start":{"line":91,"column":9},"end":{"line":91,"column":65}},"type":"if","locations":[{"start":{"line":91,"column":9},"end":{"line":91,"column":65}},{"start":{},"end":{}}],"line":91},"7":{"loc":{"start":{"line":91,"column":13},"end":{"line":91,"column":53}},"type":"binary-expr","locations":[{"start":{"line":91,"column":13},"end":{"line":91,"column":31}},{"start":{"line":91,"column":35},"end":{"line":91,"column":53}}],"line":91},"8":{"loc":{"start":{"line":92,"column":9},"end":{"line":92,"column":64}},"type":"if","locations":[{"start":{"line":92,"column":9},"end":{"line":92,"column":64}},{"start":{},"end":{}}],"line":92},"9":{"loc":{"start":{"line":92,"column":13},"end":{"line":92,"column":53}},"type":"binary-expr","locations":[{"start":{"line":92,"column":13},"end":{"line":92,"column":31}},{"start":{"line":92,"column":35},"end":{"line":92,"column":53}}],"line":92},"10":{"loc":{"start":{"line":111,"column":6},"end":{"line":113,"column":7}},"type":"if","locations":[{"start":{"line":111,"column":6},"end":{"line":113,"column":7}},{"start":{},"end":{}}],"line":111},"11":{"loc":{"start":{"line":116,"column":6},"end":{"line":118,"column":7}},"type":"if","locations":[{"start":{"line":116,"column":6},"end":{"line":118,"column":7}},{"start":{},"end":{}}],"line":116},"12":{"loc":{"start":{"line":116,"column":10},"end":{"line":116,"column":65}},"type":"binary-expr","locations":[{"start":{"line":116,"column":10},"end":{"line":116,"column":35}},{"start":{"line":116,"column":39},"end":{"line":116,"column":65}}],"line":116},"13":{"loc":{"start":{"line":137,"column":6},"end":{"line":139,"column":7}},"type":"if","locations":[{"start":{"line":137,"column":6},"end":{"line":139,"column":7}},{"start":{},"end":{}}],"line":137},"14":{"loc":{"start":{"line":145,"column":6},"end":{"line":147,"column":7}},"type":"if","locations":[{"start":{"line":145,"column":6},"end":{"line":147,"column":7}},{"start":{},"end":{}}],"line":145},"15":{"loc":{"start":{"line":150,"column":6},"end":{"line":152,"column":7}},"type":"if","locations":[{"start":{"line":150,"column":6},"end":{"line":152,"column":7}},{"start":{},"end":{}}],"line":150},"16":{"loc":{"start":{"line":160,"column":6},"end":{"line":162,"column":7}},"type":"if","locations":[{"start":{"line":160,"column":6},"end":{"line":162,"column":7}},{"start":{},"end":{}}],"line":160},"17":{"loc":{"start":{"line":174,"column":6},"end":{"line":176,"column":7}},"type":"if","locations":[{"start":{"line":174,"column":6},"end":{"line":176,"column":7}},{"start":{},"end":{}}],"line":174},"18":{"loc":{"start":{"line":181,"column":6},"end":{"line":183,"column":7}},"type":"if","locations":[{"start":{"line":181,"column":6},"end":{"line":183,"column":7}},{"start":{},"end":{}}],"line":181},"19":{"loc":{"start":{"line":196,"column":6},"end":{"line":198,"column":7}},"type":"if","locations":[{"start":{"line":196,"column":6},"end":{"line":198,"column":7}},{"start":{},"end":{}}],"line":196}},"s":{"0":1,"1":1,"2":1,"3":1,"4":1,"5":1,"6":1,"7":0,"8":0,"9":0,"10":0,"11":0,"12":0,"13":0,"14":1,"15":0,"16":0,"17":0,"18":0,"19":0,"20":0,"21":0,"22":0,"23":0,"24":0,"25":0,"26":0,"27":0,"28":0,"29":1,"30":0,"31":0,"32":0,"33":0,"34":0,"35":0,"36":1,"37":0,"38":0,"39":0,"40":0,"41":0,"42":0,"43":0,"44":0,"45":0,"46":0,"47":0,"48":0,"49":0,"50":1,"51":0,"52":0,"53":0,"54":0,"55":0,"56":0,"57":0,"58":0,"59":0,"60":0,"61":0,"62":0,"63":1,"64":0,"65":0,"66":0,"67":0,"68":0,"69":0,"70":0,"71":0,"72":0,"73":0,"74":0,"75":0,"76":0,"77":0,"78":0,"79":1,"80":0,"81":0,"82":0,"83":0,"84":0,"85":0,"86":0,"87":0,"88":0,"89":0,"90":0,"91":0,"92":0,"93":1},"f":{"0":0,"1":0,"2":0,"3":0,"4":0,"5":0,"6":0,"7":0},"b":{"0":[0,0],"1":[0,0],"2":[0,0],"3":[0,0],"4":[0,0],"5":[0,0],"6":[0,0],"7":[0,0],"8":[0,0],"9":[0,0],"10":[0,0],"11":[0,0],"12":[0,0],"13":[0,0],"14":[0,0],"15":[0,0],"16":[0,0],"17":[0,0],"18":[0,0],"19":[0,0]},"_coverageSchema":"1a1c01bbd47fc00a2c39e90264f33305004495a9","hash":"169f786446c8e2150af9e19bcf4067355c0afb63"}
,"C:\\Users\\ossoo\\Desktop\\Tiberium\\backend\\routes\\messages.js": {"path":"C:\\Users\\ossoo\\Desktop\\Tiberium\\backend\\routes\\messages.js","statementMap":{"0":{"start":{"line":1,"column":16},"end":{"line":1,"column":34}},"1":{"start":{"line":2,"column":13},"end":{"line":2,"column":52}},"2":{"start":{"line":3,"column":13},"end":{"line":3,"column":38}},"3":{"start":{"line":4,"column":17},"end":{"line":4,"column":36}},"4":{"start":{"line":5,"column":16},"end":{"line":5,"column":44}},"5":{"start":{"line":6,"column":15},"end":{"line":6,"column":31}},"6":{"start":{"line":8,"column":0},"end":{"line":17,"column":3}},"7":{"start":{"line":9,"column":3},"end":{"line":16,"column":4}},"8":{"start":{"line":10,"column":23},"end":{"line":12,"column":54}},"9":{"start":{"line":13,"column":6},"end":{"line":13,"column":25}},"10":{"start":{"line":15,"column":6},"end":{"line":15,"column":54}},"11":{"start":{"line":19,"column":0},"end":{"line":52,"column":3}},"12":{"start":{"line":20,"column":3},"end":{"line":51,"column":4}},"13":{"start":{"line":21,"column":21},"end":{"line":21,"column":38}},"14":{"start":{"line":23,"column":6},"end":{"line":23,"column":50}},"15":{"start":{"line":24,"column":6},"end":{"line":24,"column":51}},"16":{"start":{"line":27,"column":6},"end":{"line":29,"column":7}},"17":{"start":{"line":28,"column":9},"end":{"line":28,"column":74}},"18":{"start":{"line":31,"column":23},"end":{"line":38,"column":55}},"19":{"start":{"line":41,"column":6},"end":{"line":41,"column":47}},"20":{"start":{"line":43,"column":6},"end":{"line":43,"column":25}},"21":{"start":{"line":46,"column":6},"end":{"line":46,"column":46}},"22":{"start":{"line":47,"column":6},"end":{"line":50,"column":9}},"23":{"start":{"line":55,"column":0},"end":{"line":71,"column":3}},"24":{"start":{"line":56,"column":3},"end":{"line":70,"column":4}},"25":{"start":{"line":57,"column":38},"end":{"line":57,"column":46}},"26":{"start":{"line":58,"column":25},"end":{"line":63,"column":8}},"27":{"start":{"line":65,"column":6},"end":{"line":65,"column":30}},"28":{"start":{"line":66,"column":6},"end":{"line":66,"column":39}},"29":{"start":{"line":68,"column":6},"end":{"line":68,"column":52}},"30":{"start":{"line":69,"column":6},"end":{"line":69,"column":62}},"31":{"start":{"line":75,"column":0},"end":{"line":75,"column":24}}},"fnMap":{"0":{"name":"(anonymous_0)","decl":{"start":{"line":8,"column":35},"end":{"line":8,"column":36}},"loc":{"start":{"line":8,"column":55},"end":{"line":17,"column":1}},"line":8},"1":{"name":"(anonymous_1)","decl":{"start":{"line":19,"column":37},"end":{"line":19,"column":38}},"loc":{"start":{"line":19,"column":57},"end":{"line":52,"column":1}},"line":19},"2":{"name":"(anonymous_2)","decl":{"start":{"line":55,"column":23},"end":{"line":55,"column":24}},"loc":{"start":{"line":55,"column":43},"end":{"line":71,"column":1}},"line":55}},"branchMap":{"0":{"loc":{"start":{"line":27,"column":6},"end":{"line":29,"column":7}},"type":"if","locations":[{"start":{"line":27,"column":6},"end":{"line":29,"column":7}},{"start":{},"end":{}}],"line":27},"1":{"loc":{"start":{"line":27,"column":10},"end":{"line":27,"column":99}},"type":"binary-expr","locations":[{"start":{"line":27,"column":10},"end":{"line":27,"column":50}},{"start":{"line":27,"column":54},"end":{"line":27,"column":99}}],"line":27}},"s":{"0":1,"1":1,"2":1,"3":1,"4":1,"5":1,"6":1,"7":0,"8":0,"9":0,"10":0,"11":1,"12":0,"13":0,"14":0,"15":0,"16":0,"17":0,"18":0,"19":0,"20":0,"21":0,"22":0,"23":1,"24":0,"25":0,"26":0,"27":0,"28":0,"29":0,"30":0,"31":1},"f":{"0":0,"1":0,"2":0},"b":{"0":[0,0],"1":[0,0]},"_coverageSchema":"1a1c01bbd47fc00a2c39e90264f33305004495a9","hash":"26804088d547fc28ced167a740eee47528c5371f"}
}
