{"C:\\Users\\ossoo\\Desktop\\Tiberium\\backend\\middleware\\authMiddleware.js": {"path":"C:\\Users\\ossoo\\Desktop\\Tiberium\\backend\\middleware\\authMiddleware.js","statementMap":{"0":{"start":{"line":1,"column":12},"end":{"line":1,"column":35}},"1":{"start":{"line":2,"column":13},"end":{"line":2,"column":38}},"2":{"start":{"line":4,"column":23},"end":{"line":35,"column":1}},"3":{"start":{"line":5,"column":3},"end":{"line":34,"column":4}},"4":{"start":{"line":6,"column":20},"end":{"line":6,"column":71}},"5":{"start":{"line":8,"column":6},"end":{"line":10,"column":7}},"6":{"start":{"line":9,"column":9},"end":{"line":9,"column":82}},"7":{"start":{"line":13,"column":22},"end":{"line":13,"column":63}},"8":{"start":{"line":16,"column":19},"end":{"line":16,"column":74}},"9":{"start":{"line":18,"column":6},"end":{"line":20,"column":7}},"10":{"start":{"line":19,"column":9},"end":{"line":19,"column":66}},"11":{"start":{"line":23,"column":6},"end":{"line":23,"column":22}},"12":{"start":{"line":24,"column":6},"end":{"line":24,"column":13}},"13":{"start":{"line":26,"column":6},"end":{"line":28,"column":7}},"14":{"start":{"line":27,"column":9},"end":{"line":27,"column":70}},"15":{"start":{"line":29,"column":6},"end":{"line":31,"column":7}},"16":{"start":{"line":30,"column":9},"end":{"line":30,"column":69}},"17":{"start":{"line":32,"column":6},"end":{"line":32,"column":53}},"18":{"start":{"line":33,"column":6},"end":{"line":33,"column":54}},"19":{"start":{"line":37,"column":0},"end":{"line":37,"column":32}}},"fnMap":{"0":{"name":"(anonymous_0)","decl":{"start":{"line":4,"column":23},"end":{"line":4,"column":24}},"loc":{"start":{"line":4,"column":49},"end":{"line":35,"column":1}},"line":4}},"branchMap":{"0":{"loc":{"start":{"line":8,"column":6},"end":{"line":10,"column":7}},"type":"if","locations":[{"start":{"line":8,"column":6},"end":{"line":10,"column":7}},{"start":{},"end":{}}],"line":8},"1":{"loc":{"start":{"line":18,"column":6},"end":{"line":20,"column":7}},"type":"if","locations":[{"start":{"line":18,"column":6},"end":{"line":20,"column":7}},{"start":{},"end":{}}],"line":18},"2":{"loc":{"start":{"line":26,"column":6},"end":{"line":28,"column":7}},"type":"if","locations":[{"start":{"line":26,"column":6},"end":{"line":28,"column":7}},{"start":{},"end":{}}],"line":26},"3":{"loc":{"start":{"line":29,"column":6},"end":{"line":31,"column":7}},"type":"if","locations":[{"start":{"line":29,"column":6},"end":{"line":31,"column":7}},{"start":{},"end":{}}],"line":29}},"s":{"0":1,"1":1,"2":1,"3":0,"4":0,"5":0,"6":0,"7":0,"8":0,"9":0,"10":0,"11":0,"12":0,"13":0,"14":0,"15":0,"16":0,"17":0,"18":0,"19":1},"f":{"0":0},"b":{"0":[0,0],"1":[0,0],"2":[0,0],"3":[0,0]},"_coverageSchema":"1a1c01bbd47fc00a2c39e90264f33305004495a9","hash":"0fa0d6996b95a290966f5a284d20ac13ba70516d"}
,"C:\\Users\\ossoo\\Desktop\\Tiberium\\backend\\models\\user.js": {"path":"C:\\Users\\ossoo\\Desktop\\Tiberium\\backend\\models\\user.js","statementMap":{"0":{"start":{"line":1,"column":17},"end":{"line":1,"column":36}},"1":{"start":{"line":2,"column":15},"end":{"line":2,"column":30}},"2":{"start":{"line":3,"column":20},"end":{"line":3,"column":40}},"3":{"start":{"line":5,"column":19},"end":{"line":34,"column":2}},"4":{"start":{"line":36,"column":0},"end":{"line":36,"column":51}}},"fnMap":{},"branchMap":{},"s":{"0":1,"1":1,"2":1,"3":1,"4":1},"f":{},"b":{},"_coverageSchema":"1a1c01bbd47fc00a2c39e90264f33305004495a9","hash":"2dc572028900280c59c937b338f7a5d02df2c538"}
,"C:\\Users\\ossoo\\Desktop\\Tiberium\\backend\\routes\\auth.js": {"path":"C:\\Users\\ossoo\\Desktop\\Tiberium\\backend\\routes\\auth.js","statementMap":{"0":{"start":{"line":1,"column":16},"end":{"line":1,"column":34}},"1":{"start":{"line":2,"column":15},"end":{"line":2,"column":32}},"2":{"start":{"line":3,"column":12},"end":{"line":3,"column":35}},"3":{"start":{"line":4,"column":13},"end":{"line":4,"column":38}},"4":{"start":{"line":5,"column":15},"end":{"line":5,"column":31}},"5":{"start":{"line":6,"column":23},"end":{"line":6,"column":62}},"6":{"start":{"line":8,"column":0},"end":{"line":18,"column":3}},"7":{"start":{"line":9,"column":43},"end":{"line":9,"column":51}},"8":{"start":{"line":10,"column":3},"end":{"line":17,"column":4}},"9":{"start":{"line":11,"column":29},"end":{"line":11,"column":60}},"10":{"start":{"line":12,"column":19},"end":{"line":12,"column":92}},"11":{"start":{"line":13,"column":6},"end":{"line":13,"column":24}},"12":{"start":{"line":14,"column":6},"end":{"line":14,"column":69}},"13":{"start":{"line":16,"column":6},"end":{"line":16,"column":61}},"14":{"start":{"line":22,"column":0},"end":{"line":55,"column":3}},"15":{"start":{"line":23,"column":3},"end":{"line":54,"column":4}},"16":{"start":{"line":24,"column":42},"end":{"line":24,"column":50}},"17":{"start":{"line":26,"column":19},"end":{"line":26,"column":48}},"18":{"start":{"line":27,"column":6},"end":{"line":29,"column":7}},"19":{"start":{"line":28,"column":9},"end":{"line":28,"column":71}},"20":{"start":{"line":31,"column":22},"end":{"line":31,"column":67}},"21":{"start":{"line":32,"column":6},"end":{"line":34,"column":7}},"22":{"start":{"line":33,"column":9},"end":{"line":33,"column":71}},"23":{"start":{"line":37,"column":20},"end":{"line":41,"column":7}},"24":{"start":{"line":44,"column":27},"end":{"line":44,"column":42}},"25":{"start":{"line":45,"column":6},"end":{"line":45,"column":35}},"26":{"start":{"line":47,"column":6},"end":{"line":50,"column":9}},"27":{"start":{"line":52,"column":6},"end":{"line":52,"column":43}},"28":{"start":{"line":53,"column":6},"end":{"line":53,"column":54}},"29":{"start":{"line":58,"column":0},"end":{"line":66,"column":3}},"30":{"start":{"line":59,"column":3},"end":{"line":65,"column":4}},"31":{"start":{"line":60,"column":19},"end":{"line":60,"column":71}},"32":{"start":{"line":61,"column":6},"end":{"line":61,"column":74}},"33":{"start":{"line":61,"column":17},"end":{"line":61,"column":74}},"34":{"start":{"line":62,"column":6},"end":{"line":62,"column":25}},"35":{"start":{"line":64,"column":6},"end":{"line":64,"column":54}},"36":{"start":{"line":68,"column":0},"end":{"line":101,"column":3}},"37":{"start":{"line":69,"column":3},"end":{"line":100,"column":4}},"38":{"start":{"line":72,"column":6},"end":{"line":87,"column":7}},"39":{"start":{"line":73,"column":9},"end":{"line":76,"column":11}},"40":{"start":{"line":80,"column":9},"end":{"line":86,"column":11}},"41":{"start":{"line":90,"column":6},"end":{"line":94,"column":9}},"42":{"start":{"line":91,"column":9},"end":{"line":91,"column":65}},"43":{"start":{"line":91,"column":55},"end":{"line":91,"column":65}},"44":{"start":{"line":92,"column":9},"end":{"line":92,"column":64}},"45":{"start":{"line":92,"column":55},"end":{"line":92,"column":64}},"46":{"start":{"line":93,"column":9},"end":{"line":93,"column":45}},"47":{"start":{"line":96,"column":6},"end":{"line":96,"column":26}},"48":{"start":{"line":98,"column":6},"end":{"line":98,"column":52}},"49":{"start":{"line":99,"column":6},"end":{"line":99,"column":62}},"50":{"start":{"line":104,"column":0},"end":{"line":132,"column":3}},"51":{"start":{"line":105,"column":3},"end":{"line":131,"column":4}},"52":{"start":{"line":106,"column":26},"end":{"line":106,"column":43}},"53":{"start":{"line":107,"column":28},"end":{"line":107,"column":40}},"54":{"start":{"line":110,"column":24},"end":{"line":110,"column":56}},"55":{"start":{"line":111,"column":6},"end":{"line":113,"column":7}},"56":{"start":{"line":112,"column":9},"end":{"line":112,"column":66}},"57":{"start":{"line":116,"column":6},"end":{"line":118,"column":7}},"58":{"start":{"line":117,"column":9},"end":{"line":117,"column":64}},"59":{"start":{"line":120,"column":23},"end":{"line":125,"column":31}},"60":{"start":{"line":127,"column":6},"end":{"line":127,"column":29}},"61":{"start":{"line":129,"column":6},"end":{"line":129,"column":55}},"62":{"start":{"line":130,"column":6},"end":{"line":130,"column":65}},"63":{"start":{"line":135,"column":0},"end":{"line":135,"column":24}}},"fnMap":{"0":{"name":"(anonymous_0)","decl":{"start":{"line":8,"column":23},"end":{"line":8,"column":24}},"loc":{"start":{"line":8,"column":43},"end":{"line":18,"column":1}},"line":8},"1":{"name":"(anonymous_1)","decl":{"start":{"line":22,"column":22},"end":{"line":22,"column":23}},"loc":{"start":{"line":22,"column":42},"end":{"line":55,"column":1}},"line":22},"2":{"name":"(anonymous_2)","decl":{"start":{"line":58,"column":37},"end":{"line":58,"column":38}},"loc":{"start":{"line":58,"column":57},"end":{"line":66,"column":1}},"line":58},"3":{"name":"(anonymous_3)","decl":{"start":{"line":68,"column":37},"end":{"line":68,"column":38}},"loc":{"start":{"line":68,"column":57},"end":{"line":101,"column":1}},"line":68},"4":{"name":"(anonymous_4)","decl":{"start":{"line":90,"column":17},"end":{"line":90,"column":18}},"loc":{"start":{"line":90,"column":27},"end":{"line":94,"column":7}},"line":90},"5":{"name":"(anonymous_5)","decl":{"start":{"line":104,"column":48},"end":{"line":104,"column":49}},"loc":{"start":{"line":104,"column":68},"end":{"line":132,"column":1}},"line":104}},"branchMap":{"0":{"loc":{"start":{"line":12,"column":75},"end":{"line":12,"column":89}},"type":"binary-expr","locations":[{"start":{"line":12,"column":75},"end":{"line":12,"column":79}},{"start":{"line":12,"column":83},"end":{"line":12,"column":89}}],"line":12},"1":{"loc":{"start":{"line":27,"column":6},"end":{"line":29,"column":7}},"type":"if","locations":[{"start":{"line":27,"column":6},"end":{"line":29,"column":7}},{"start":{},"end":{}}],"line":27},"2":{"loc":{"start":{"line":32,"column":6},"end":{"line":34,"column":7}},"type":"if","locations":[{"start":{"line":32,"column":6},"end":{"line":34,"column":7}},{"start":{},"end":{}}],"line":32},"3":{"loc":{"start":{"line":40,"column":22},"end":{"line":40,"column":43}},"type":"cond-expr","locations":[{"start":{"line":40,"column":31},"end":{"line":40,"column":35}},{"start":{"line":40,"column":38},"end":{"line":40,"column":43}}],"line":40},"4":{"loc":{"start":{"line":61,"column":6},"end":{"line":61,"column":74}},"type":"if","locations":[{"start":{"line":61,"column":6},"end":{"line":61,"column":74}},{"start":{},"end":{}}],"line":61},"5":{"loc":{"start":{"line":72,"column":6},"end":{"line":87,"column":7}},"type":"if","locations":[{"start":{"line":72,"column":6},"end":{"line":87,"column":7}},{"start":{"line":79,"column":11},"end":{"line":87,"column":7}}],"line":72},"6":{"loc":{"start":{"line":91,"column":9},"end":{"line":91,"column":65}},"type":"if","locations":[{"start":{"line":91,"column":9},"end":{"line":91,"column":65}},{"start":{},"end":{}}],"line":91},"7":{"loc":{"start":{"line":91,"column":13},"end":{"line":91,"column":53}},"type":"binary-expr","locations":[{"start":{"line":91,"column":13},"end":{"line":91,"column":31}},{"start":{"line":91,"column":35},"end":{"line":91,"column":53}}],"line":91},"8":{"loc":{"start":{"line":92,"column":9},"end":{"line":92,"column":64}},"type":"if","locations":[{"start":{"line":92,"column":9},"end":{"line":92,"column":64}},{"start":{},"end":{}}],"line":92},"9":{"loc":{"start":{"line":92,"column":13},"end":{"line":92,"column":53}},"type":"binary-expr","locations":[{"start":{"line":92,"column":13},"end":{"line":92,"column":31}},{"start":{"line":92,"column":35},"end":{"line":92,"column":53}}],"line":92},"10":{"loc":{"start":{"line":111,"column":6},"end":{"line":113,"column":7}},"type":"if","locations":[{"start":{"line":111,"column":6},"end":{"line":113,"column":7}},{"start":{},"end":{}}],"line":111},"11":{"loc":{"start":{"line":116,"column":6},"end":{"line":118,"column":7}},"type":"if","locations":[{"start":{"line":116,"column":6},"end":{"line":118,"column":7}},{"start":{},"end":{}}],"line":116},"12":{"loc":{"start":{"line":116,"column":10},"end":{"line":116,"column":65}},"type":"binary-expr","locations":[{"start":{"line":116,"column":10},"end":{"line":116,"column":35}},{"start":{"line":116,"column":39},"end":{"line":116,"column":65}}],"line":116}},"s":{"0":1,"1":1,"2":1,"3":1,"4":1,"5":1,"6":1,"7":2,"8":2,"9":2,"10":1,"11":1,"12":1,"13":1,"14":1,"15":3,"16":3,"17":3,"18":2,"19":1,"20":1,"21":1,"22":0,"23":1,"24":1,"25":1,"26":1,"27":1,"28":1,"29":1,"30":0,"31":0,"32":0,"33":0,"34":0,"35":0,"36":1,"37":0,"38":0,"39":0,"40":0,"41":0,"42":0,"43":0,"44":0,"45":0,"46":0,"47":0,"48":0,"49":0,"50":1,"51":0,"52":0,"53":0,"54":0,"55":0,"56":0,"57":0,"58":0,"59":0,"60":0,"61":0,"62":0,"63":1},"f":{"0":2,"1":3,"2":0,"3":0,"4":0,"5":0},"b":{"0":[1,1],"1":[1,1],"2":[0,1],"3":[0,1],"4":[0,0],"5":[0,0],"6":[0,0],"7":[0,0],"8":[0,0],"9":[0,0],"10":[0,0],"11":[0,0],"12":[0,0]},"_coverageSchema":"1a1c01bbd47fc00a2c39e90264f33305004495a9","hash":"e14c03f6ba6bfef69f4df416ad320c48059ef761"}
}
